Build started 2013-12-07 06:13:55.
     1>Project "C:\Users\En f3t valross\Desktop\whipeskull\project_whipeskull.vcxproj" on node 2 (Build target(s)).
     1>ClCompile:
         C:\Program Files\Microsoft Visual Studio 11.0\VC\bin\CL.exe /c /Zi /nologo /W3 /WX- /Od /Oy- /D WIN32 /D _DEBUG /D _CONSOLE /Gm /EHsc /RTC1 /MDd /GS /fp:precise /Zc:wchar_t /Zc:forScope /Fo"Debug\\" /Fd"Debug\vc110.pdb" /Gd /TP /analyze- /errorReport:prompt GameEngine.cpp
         GameEngine.cpp
     1>GameEngine.cpp(383): warning C4800: 'int' : forcing value to bool 'true' or 'false' (performance warning)
     1>GameEngine.cpp(512): warning C4800: 'int' : forcing value to bool 'true' or 'false' (performance warning)
     1>GameEngine.cpp(861): warning C4800: 'int' : forcing value to bool 'true' or 'false' (performance warning)
     1>GameEngine.cpp(867): warning C4800: 'int' : forcing value to bool 'true' or 'false' (performance warning)
     1>GameEngine.cpp(873): warning C4800: 'int' : forcing value to bool 'true' or 'false' (performance warning)
       Link:
         C:\Program Files\Microsoft Visual Studio 11.0\VC\bin\link.exe /ERRORREPORT:PROMPT /OUT:"C:\Users\En f3t valross\Desktop\whipeskull\Debug\project_whipeskull.exe" /INCREMENTAL /NOLOGO kernel32.lib user32.lib gdi32.lib winspool.lib comdlg32.lib advapi32.lib shell32.lib ole32.lib oleaut32.lib uuid.lib odbc32.lib odbccp32.lib /MANIFEST /MANIFESTUAC:"level='asInvoker' uiAccess='false'" /manifest:embed /DEBUG /PDB:"C:\Users\En f3t valross\Desktop\whipeskull\Debug\project_whipeskull.pdb" /SUBSYSTEM:CONSOLE /TLBID:1 /DYNAMICBASE /NXCOMPAT /IMPLIB:"C:\Users\En f3t valross\Desktop\whipeskull\Debug\project_whipeskull.lib" /MACHINE:X86 Debug\AppleRoom.obj
         Debug\Character.obj
         Debug\Consumable.obj
         Debug\DungeonRoom.obj
         Debug\Environment.obj
         Debug\Equipable.obj
         Debug\Food.obj
         Debug\GameEngine.obj
         Debug\Goblin.obj
         Debug\Human.obj
         Debug\Item.obj
         Debug\NormalArmor.obj
         Debug\NormalSword.obj
         Debug\Potion.obj
         Debug\Program.obj
         Debug\SpikedBall.obj
         project_whipeskull.vcxproj -> C:\Users\En f3t valross\Desktop\whipeskull\Debug\project_whipeskull.exe
     1>Done Building Project "C:\Users\En f3t valross\Desktop\whipeskull\project_whipeskull.vcxproj" (Build target(s)).

Build succeeded.

Time Elapsed 00:00:02.41
