Build started 2013-12-06 07:00:37.
     1>Project "C:\Users\En f3t valross\Dropbox\kth\cpp\Cprog\Labbar\Lab3\Whipeskull.vcxproj" on node 2 (Rebuild target(s)).
     1>ClCompile:
         C:\Program Files\Microsoft Visual Studio 11.0\VC\bin\CL.exe /c /Zi /nologo /W3 /WX- /Od /Oy- /D WIN32 /D _DEBUG /D _WINDOWS /Gm /EHsc /RTC1 /MDd /GS /fp:precise /Zc:wchar_t /Zc:forScope /Fo"Debug\\" /Fd"Debug\vc110.pdb" /Gd /TP /analyze- /errorReport:prompt AppleRoom.cpp Character.cpp Consumable.cpp DungeonRoom.cpp Environment.cpp Equipable.cpp Food.cpp GameEngine.cpp Goblin.cpp Human.cpp Item.cpp NormalArmor.cpp NormalSword.cpp Potion.cpp Program.cpp SpikedBall.cpp
         SpikedBall.cpp
         Program.cpp
         Potion.cpp
         NormalSword.cpp
         NormalArmor.cpp
         Item.cpp
         Human.cpp
         Goblin.cpp
         GameEngine.cpp
     1>GameEngine.cpp(382): warning C4800: 'int' : forcing value to bool 'true' or 'false' (performance warning)
     1>GameEngine.cpp(511): warning C4800: 'int' : forcing value to bool 'true' or 'false' (performance warning)
     1>GameEngine.cpp(860): warning C4800: 'int' : forcing value to bool 'true' or 'false' (performance warning)
     1>GameEngine.cpp(866): warning C4800: 'int' : forcing value to bool 'true' or 'false' (performance warning)
     1>GameEngine.cpp(872): warning C4800: 'int' : forcing value to bool 'true' or 'false' (performance warning)
         Food.cpp
         Equipable.cpp
         Environment.cpp
         DungeonRoom.cpp
         Consumable.cpp
         Character.cpp
         AppleRoom.cpp
         Generating Code...
       Link:
         C:\Program Files\Microsoft Visual Studio 11.0\VC\bin\link.exe /ERRORREPORT:PROMPT /OUT:"C:\Users\En f3t valross\Dropbox\kth\cpp\Cprog\Labbar\Lab3\Debug\Whipeskull.exe" /INCREMENTAL /NOLOGO kernel32.lib user32.lib gdi32.lib winspool.lib comdlg32.lib advapi32.lib shell32.lib ole32.lib oleaut32.lib uuid.lib odbc32.lib odbccp32.lib /MANIFEST /MANIFESTUAC:"level='asInvoker' uiAccess='false'" /manifest:embed /DEBUG /PDB:"C:\Users\En f3t valross\Dropbox\kth\cpp\Cprog\Labbar\Lab3\Debug\Whipeskull.pdb" /SUBSYSTEM:WINDOWS /TLBID:1 /DYNAMICBASE /NXCOMPAT /IMPLIB:"C:\Users\En f3t valross\Dropbox\kth\cpp\Cprog\Labbar\Lab3\Debug\Whipeskull.lib" /MACHINE:X86 Debug\AppleRoom.obj
         Debug\Character.obj
         Debug\Consumable.obj
         Debug\DungeonRoom.obj
         Debug\Environment.obj
         Debug\Equipable.obj
         Debug\Food.obj
         Debug\GameEngine.obj
         Debug\Goblin.obj
         Debug\Human.obj
         Debug\Item.obj
         Debug\NormalArmor.obj
         Debug\NormalSword.obj
         Debug\Potion.obj
         Debug\Program.obj
         Debug\SpikedBall.obj
     1>MSVCRTD.lib(crtexew.obj) : error LNK2019: unresolved external symbol _WinMain@16 referenced in function ___tmainCRTStartup
     1>C:\Users\En f3t valross\Dropbox\kth\cpp\Cprog\Labbar\Lab3\Debug\Whipeskull.exe : fatal error LNK1120: 1 unresolved externals
     1>Done Building Project "C:\Users\En f3t valross\Dropbox\kth\cpp\Cprog\Labbar\Lab3\Whipeskull.vcxproj" (Rebuild target(s)) -- FAILED.

Build FAILED.

Time Elapsed 00:00:13.11
