C:\USERS\EN F3T VALROSS\DROPBOX\KTH\CPP\CPROG\LABBAR\LAB3\DEBUG\APPLEROOM.OBJ
C:\USERS\EN F3T VALROSS\DROPBOX\KTH\CPP\CPROG\LABBAR\LAB3\DEBUG\CHARACTER.OBJ
C:\USERS\EN F3T VALROSS\DROPBOX\KTH\CPP\CPROG\LABBAR\LAB3\DEBUG\CONSUMABLE.OBJ
C:\USERS\EN F3T VALROSS\DROPBOX\KTH\CPP\CPROG\LABBAR\LAB3\DEBUG\DUNGEONROOM.OBJ
C:\USERS\EN F3T VALROSS\DROPBOX\KTH\CPP\CPROG\LABBAR\LAB3\DEBUG\ENVIRONMENT.OBJ
C:\USERS\EN F3T VALROSS\DROPBOX\KTH\CPP\CPROG\LABBAR\LAB3\DEBUG\EQUIPABLE.OBJ
C:\USERS\EN F3T VALROSS\DROPBOX\KTH\CPP\CPROG\LABBAR\LAB3\DEBUG\FOOD.OBJ
C:\USERS\EN F3T VALROSS\DROPBOX\KTH\CPP\CPROG\LABBAR\LAB3\DEBUG\GAMEENGINE.OBJ
C:\USERS\EN F3T VALROSS\DROPBOX\KTH\CPP\CPROG\LABBAR\LAB3\DEBUG\GOBLIN.OBJ
C:\USERS\EN F3T VALROSS\DROPBOX\KTH\CPP\CPROG\LABBAR\LAB3\DEBUG\HUMAN.OBJ
C:\USERS\EN F3T VALROSS\DROPBOX\KTH\CPP\CPROG\LABBAR\LAB3\DEBUG\ITEM.OBJ
C:\USERS\EN F3T VALROSS\DROPBOX\KTH\CPP\CPROG\LABBAR\LAB3\DEBUG\NORMALARMOR.OBJ
C:\USERS\EN F3T VALROSS\DROPBOX\KTH\CPP\CPROG\LABBAR\LAB3\DEBUG\NORMALSWORD.OBJ
C:\USERS\EN F3T VALROSS\DROPBOX\KTH\CPP\CPROG\LABBAR\LAB3\DEBUG\POTION.OBJ
C:\USERS\EN F3T VALROSS\DROPBOX\KTH\CPP\CPROG\LABBAR\LAB3\DEBUG\PROGRAM.OBJ
C:\USERS\EN F3T VALROSS\DROPBOX\KTH\CPP\CPROG\LABBAR\LAB3\DEBUG\SPIKEDBALL.OBJ
C:\USERS\EN F3T VALROSS\DROPBOX\KTH\CPP\CPROG\LABBAR\LAB3\DEBUG\VC110.PDB
C:\USERS\EN F3T VALROSS\DROPBOX\KTH\CPP\CPROG\LABBAR\LAB3\DEBUG\WHIPESKULL2.ILK
C:\USERS\EN F3T VALROSS\DROPBOX\KTH\CPP\CPROG\LABBAR\LAB3\DEBUG\WHIPESKULL2.EXE
C:\USERS\EN F3T VALROSS\DROPBOX\KTH\CPP\CPROG\LABBAR\LAB3\DEBUG\WHIPESKULL2.PDB
C:\Users\En f3t valross\Dropbox\kth\cpp\Cprog\Labbar\Lab3\Debug\AppleRoom.obj
C:\Users\En f3t valross\Dropbox\kth\cpp\Cprog\Labbar\Lab3\Debug\Character.obj
C:\Users\En f3t valross\Dropbox\kth\cpp\Cprog\Labbar\Lab3\Debug\Consumable.obj
C:\Users\En f3t valross\Dropbox\kth\cpp\Cprog\Labbar\Lab3\Debug\DungeonRoom.obj
C:\Users\En f3t valross\Dropbox\kth\cpp\Cprog\Labbar\Lab3\Debug\Equipable.obj
C:\Users\En f3t valross\Dropbox\kth\cpp\Cprog\Labbar\Lab3\Debug\Food.obj
C:\Users\En f3t valross\Dropbox\kth\cpp\Cprog\Labbar\Lab3\Debug\Goblin.obj
C:\Users\En f3t valross\Dropbox\kth\cpp\Cprog\Labbar\Lab3\Debug\Human.obj
C:\Users\En f3t valross\Dropbox\kth\cpp\Cprog\Labbar\Lab3\Debug\Item.obj
C:\Users\En f3t valross\Dropbox\kth\cpp\Cprog\Labbar\Lab3\Debug\NormalArmor.obj
C:\Users\En f3t valross\Dropbox\kth\cpp\Cprog\Labbar\Lab3\Debug\NormalSword.obj
C:\Users\En f3t valross\Dropbox\kth\cpp\Cprog\Labbar\Lab3\Debug\Potion.obj
C:\Users\En f3t valross\Dropbox\kth\cpp\Cprog\Labbar\Lab3\Debug\Program.obj
C:\Users\En f3t valross\Dropbox\kth\cpp\Cprog\Labbar\Lab3\Debug\SpikedBall.obj
C:\Users\En f3t valross\Dropbox\kth\cpp\Cprog\Labbar\Lab3\Debug\Whipeskull2.ilk
C:\Users\En f3t valross\Dropbox\kth\cpp\Cprog\Labbar\Lab3\Debug\cl.command.1.tlog
C:\Users\En f3t valross\Dropbox\kth\cpp\Cprog\Labbar\Lab3\Debug\CL.read.1.tlog
C:\Users\En f3t valross\Dropbox\kth\cpp\Cprog\Labbar\Lab3\Debug\CL.write.1.tlog
C:\Users\En f3t valross\Dropbox\kth\cpp\Cprog\Labbar\Lab3\Debug\link-cvtres.read.1.tlog
C:\Users\En f3t valross\Dropbox\kth\cpp\Cprog\Labbar\Lab3\Debug\link-cvtres.write.1.tlog
C:\Users\En f3t valross\Dropbox\kth\cpp\Cprog\Labbar\Lab3\Debug\link-rc.read.1.tlog
C:\Users\En f3t valross\Dropbox\kth\cpp\Cprog\Labbar\Lab3\Debug\link-rc.write.1.tlog
C:\Users\En f3t valross\Dropbox\kth\cpp\Cprog\Labbar\Lab3\Debug\link.command.1.tlog
C:\Users\En f3t valross\Dropbox\kth\cpp\Cprog\Labbar\Lab3\Debug\link.read.1.tlog
C:\Users\En f3t valross\Dropbox\kth\cpp\Cprog\Labbar\Lab3\Debug\link.write.1.tlog
C:\Users\En f3t valross\Dropbox\kth\cpp\Cprog\Labbar\Lab3\Debug\vc110.idb
C:\Users\En f3t valross\Dropbox\kth\cpp\Cprog\Labbar\Lab3\Debug\vc110.pdb
C:\Users\En f3t valross\Dropbox\kth\cpp\Cprog\Labbar\Lab3\Debug\Whipeskull.pdb
C:\Users\En f3t valross\Dropbox\kth\cpp\Cprog\Labbar\Lab3\Debug\Whipeskull2.pdb
C:\Users\En f3t valross\Dropbox\kth\cpp\Cprog\Labbar\Lab3\Debug\Whipeskull2.exe
